ERROR - 2022-05-08 03:09:56 --> Error connecting to the database: No connection could be made because the target machine actively refused it.

CRITICAL - 2022-05-08 03:09:56 --> Unable to connect to the database.
Main connection [MySQLi]: No connection could be made because the target machine actively refused it.

#0 D:\Duren marsekal\Web\Duren Marsekal\system\Database\BaseConnection.php(577): CodeIgniter\Database\BaseConnection->initialize()
#1 D:\Duren marsekal\Web\Duren Marsekal\system\Database\BaseBuilder.php(1455): CodeIgniter\Database\BaseConnection->query('SELECT *\nFROM `...', Array, false)
#2 D:\Duren marsekal\Web\Duren Marsekal\system\Model.php(728): CodeIgniter\Database\BaseBuilder->get()
#3 D:\Duren marsekal\Web\Duren Marsekal\app\Models\DashboardModel.php(66): CodeIgniter\Model->__call('get', Array)
#4 D:\Duren marsekal\Web\Duren Marsekal\app\Controllers\Dashboard.php(23): App\Models\DashboardModel->getDurianUpdate()
#5 D:\Duren marsekal\Web\Duren Marsekal\system\CodeIgniter.php(832): App\Controllers\Dashboard->index()
#6 D:\Duren marsekal\Web\Duren Marsekal\system\CodeIgniter.php(419): CodeIgniter\CodeIgniter->runController(Object(App\Controllers\Dashboard))
#7 D:\Duren marsekal\Web\Duren Marsekal\system\CodeIgniter.php(326): CodeIgniter\CodeIgniter->handleRequest(NULL, Object(Config\Cache), false)
#8 D:\Duren marsekal\Web\Duren Marsekal\public\index.php(37): CodeIgniter\CodeIgniter->run()
#9 D:\Duren marsekal\Web\Duren Marsekal\system\Commands\Server\rewrite.php(43): require_once('D:\\Duren marsek...')
#10 {main}
CRITICAL - 2022-05-08 03:09:56 --> Uncaught ErrorException: print_r(): Property access is not allowed yet in D:\Duren marsekal\Web\Duren Marsekal\app\Views\errors\html\error_exception.php:96
Stack trace:
#0 [internal function]: CodeIgniter\Debug\Exceptions->errorHandler(2, 'print_r(): Prop...', 'D:\\Duren marsek...', 96, Array)
#1 D:\Duren marsekal\Web\Duren Marsekal\app\Views\errors\html\error_exception.php(96): print_r(Object(App\Controllers\Dashboard), true)
#2 D:\Duren marsekal\Web\Duren Marsekal\system\Debug\Exceptions.php(234): include('D:\\Duren marsek...')
#3 D:\Duren marsekal\Web\Duren Marsekal\system\Debug\Exceptions.php(237): CodeIgniter\Debug\Exceptions->CodeIgniter\Debug\{closure}()
#4 D:\Duren marsekal\Web\Duren Marsekal\system\Debug\Exceptions.php(121): CodeIgniter\Debug\Exceptions->render(Object(CodeIgniter\Database\Exceptions\DatabaseException), 500)
#5 [internal function]: CodeIgniter\Debug\Exceptions->exceptionHandler(Object(CodeIgniter\Database\Exceptions\DatabaseException))
#6 {main}
  thrown
#0 [internal function]: CodeIgniter\Debug\Exceptions->shutdownHandler()
#1 {main}
ERROR - 2022-05-08 03:10:01 --> Error connecting to the database: No connection could be made because the target machine actively refused it.

CRITICAL - 2022-05-08 03:10:01 --> Unable to connect to the database.
Main connection [MySQLi]: No connection could be made because the target machine actively refused it.

#0 D:\Duren marsekal\Web\Duren Marsekal\system\Database\BaseConnection.php(577): CodeIgniter\Database\BaseConnection->initialize()
#1 D:\Duren marsekal\Web\Duren Marsekal\system\Database\BaseBuilder.php(1455): CodeIgniter\Database\BaseConnection->query('SELECT *\nFROM `...', Array, false)
#2 D:\Duren marsekal\Web\Duren Marsekal\system\Model.php(728): CodeIgniter\Database\BaseBuilder->get()
#3 D:\Duren marsekal\Web\Duren Marsekal\app\Models\DashboardModel.php(66): CodeIgniter\Model->__call('get', Array)
#4 D:\Duren marsekal\Web\Duren Marsekal\app\Controllers\Dashboard.php(23): App\Models\DashboardModel->getDurianUpdate()
#5 D:\Duren marsekal\Web\Duren Marsekal\system\CodeIgniter.php(832): App\Controllers\Dashboard->index()
#6 D:\Duren marsekal\Web\Duren Marsekal\system\CodeIgniter.php(419): CodeIgniter\CodeIgniter->runController(Object(App\Controllers\Dashboard))
#7 D:\Duren marsekal\Web\Duren Marsekal\system\CodeIgniter.php(326): CodeIgniter\CodeIgniter->handleRequest(NULL, Object(Config\Cache), false)
#8 D:\Duren marsekal\Web\Duren Marsekal\public\index.php(37): CodeIgniter\CodeIgniter->run()
#9 D:\Duren marsekal\Web\Duren Marsekal\system\Commands\Server\rewrite.php(43): require_once('D:\\Duren marsek...')
#10 {main}
CRITICAL - 2022-05-08 03:10:01 --> Uncaught ErrorException: print_r(): Property access is not allowed yet in D:\Duren marsekal\Web\Duren Marsekal\app\Views\errors\html\error_exception.php:96
Stack trace:
#0 [internal function]: CodeIgniter\Debug\Exceptions->errorHandler(2, 'print_r(): Prop...', 'D:\\Duren marsek...', 96, Array)
#1 D:\Duren marsekal\Web\Duren Marsekal\app\Views\errors\html\error_exception.php(96): print_r(Object(App\Controllers\Dashboard), true)
#2 D:\Duren marsekal\Web\Duren Marsekal\system\Debug\Exceptions.php(234): include('D:\\Duren marsek...')
#3 D:\Duren marsekal\Web\Duren Marsekal\system\Debug\Exceptions.php(237): CodeIgniter\Debug\Exceptions->CodeIgniter\Debug\{closure}()
#4 D:\Duren marsekal\Web\Duren Marsekal\system\Debug\Exceptions.php(121): CodeIgniter\Debug\Exceptions->render(Object(CodeIgniter\Database\Exceptions\DatabaseException), 500)
#5 [internal function]: CodeIgniter\Debug\Exceptions->exceptionHandler(Object(CodeIgniter\Database\Exceptions\DatabaseException))
#6 {main}
  thrown
#0 [internal function]: CodeIgniter\Debug\Exceptions->shutdownHandler()
#1 {main}
ERROR - 2022-05-08 08:28:26 --> You have an error in your SQL syntax; check the manual that corresponds to your MariaDB server version for the right syntax to use near '*) FROM (SELECT DISTINCT(SELECT SUBSTRING(nama_durian, 1, LEN(nama_durian)-3) FR' at line 1
CRITICAL - 2022-05-08 08:28:26 --> You have an error in your SQL syntax; check the manual that corresponds to your MariaDB server version for the right syntax to use near '*) FROM (SELECT DISTINCT(SELECT SUBSTRING(nama_durian, 1, LEN(nama_durian)-3) FR' at line 1
#0 D:\Duren marsekal\Web\Duren Marsekal\system\Database\MySQLi\Connection.php(292): mysqli->query('SELECT COUNT (*...', 0)
#1 D:\Duren marsekal\Web\Duren Marsekal\system\Database\BaseConnection.php(670): CodeIgniter\Database\MySQLi\Connection->execute('SELECT COUNT (*...')
#2 D:\Duren marsekal\Web\Duren Marsekal\system\Database\BaseConnection.php(598): CodeIgniter\Database\BaseConnection->simpleQuery('SELECT COUNT (*...')
#3 D:\Duren marsekal\Web\Duren Marsekal\app\Models\DashboardModel.php(81): CodeIgniter\Database\BaseConnection->query('SELECT COUNT (*...')
#4 D:\Duren marsekal\Web\Duren Marsekal\app\Controllers\Dashboard.php(26): App\Models\DashboardModel->getJenisTanaman()
#5 D:\Duren marsekal\Web\Duren Marsekal\system\CodeIgniter.php(832): App\Controllers\Dashboard->index()
#6 D:\Duren marsekal\Web\Duren Marsekal\system\CodeIgniter.php(419): CodeIgniter\CodeIgniter->runController(Object(App\Controllers\Dashboard))
#7 D:\Duren marsekal\Web\Duren Marsekal\system\CodeIgniter.php(326): CodeIgniter\CodeIgniter->handleRequest(NULL, Object(Config\Cache), false)
#8 D:\Duren marsekal\Web\Duren Marsekal\public\index.php(37): CodeIgniter\CodeIgniter->run()
#9 D:\Duren marsekal\Web\Duren Marsekal\system\Commands\Server\rewrite.php(43): require_once('D:\\Duren marsek...')
#10 {main}
ERROR - 2022-05-08 08:29:39 --> Every derived table must have its own alias
CRITICAL - 2022-05-08 08:29:39 --> Every derived table must have its own alias
#0 D:\Duren marsekal\Web\Duren Marsekal\system\Database\MySQLi\Connection.php(292): mysqli->query('SELECT * FROM (...', 0)
#1 D:\Duren marsekal\Web\Duren Marsekal\system\Database\BaseConnection.php(670): CodeIgniter\Database\MySQLi\Connection->execute('SELECT * FROM (...')
#2 D:\Duren marsekal\Web\Duren Marsekal\system\Database\BaseConnection.php(598): CodeIgniter\Database\BaseConnection->simpleQuery('SELECT * FROM (...')
#3 D:\Duren marsekal\Web\Duren Marsekal\app\Models\DashboardModel.php(81): CodeIgniter\Database\BaseConnection->query('SELECT * FROM (...')
#4 D:\Duren marsekal\Web\Duren Marsekal\app\Controllers\Dashboard.php(26): App\Models\DashboardModel->getJenisTanaman()
#5 D:\Duren marsekal\Web\Duren Marsekal\system\CodeIgniter.php(832): App\Controllers\Dashboard->index()
#6 D:\Duren marsekal\Web\Duren Marsekal\system\CodeIgniter.php(419): CodeIgniter\CodeIgniter->runController(Object(App\Controllers\Dashboard))
#7 D:\Duren marsekal\Web\Duren Marsekal\system\CodeIgniter.php(326): CodeIgniter\CodeIgniter->handleRequest(NULL, Object(Config\Cache), false)
#8 D:\Duren marsekal\Web\Duren Marsekal\public\index.php(37): CodeIgniter\CodeIgniter->run()
#9 D:\Duren marsekal\Web\Duren Marsekal\system\Commands\Server\rewrite.php(43): require_once('D:\\Duren marsek...')
#10 {main}
ERROR - 2022-05-08 08:30:29 --> You have an error in your SQL syntax; check the manual that corresponds to your MariaDB server version for the right syntax to use near 'AS Jumlah FROM (SELECT DISTINCT(SELECT SUBSTRING(nama_durian, 1, LEN(nama_durian' at line 1
CRITICAL - 2022-05-08 08:30:29 --> You have an error in your SQL syntax; check the manual that corresponds to your MariaDB server version for the right syntax to use near 'AS Jumlah FROM (SELECT DISTINCT(SELECT SUBSTRING(nama_durian, 1, LEN(nama_durian' at line 1
#0 D:\Duren marsekal\Web\Duren Marsekal\system\Database\MySQLi\Connection.php(292): mysqli->query('SELECT * AS Jum...', 0)
#1 D:\Duren marsekal\Web\Duren Marsekal\system\Database\BaseConnection.php(670): CodeIgniter\Database\MySQLi\Connection->execute('SELECT * AS Jum...')
#2 D:\Duren marsekal\Web\Duren Marsekal\system\Database\BaseConnection.php(598): CodeIgniter\Database\BaseConnection->simpleQuery('SELECT * AS Jum...')
#3 D:\Duren marsekal\Web\Duren Marsekal\app\Models\DashboardModel.php(81): CodeIgniter\Database\BaseConnection->query('SELECT * AS Jum...')
#4 D:\Duren marsekal\Web\Duren Marsekal\app\Controllers\Dashboard.php(26): App\Models\DashboardModel->getJenisTanaman()
#5 D:\Duren marsekal\Web\Duren Marsekal\system\CodeIgniter.php(832): App\Controllers\Dashboard->index()
#6 D:\Duren marsekal\Web\Duren Marsekal\system\CodeIgniter.php(419): CodeIgniter\CodeIgniter->runController(Object(App\Controllers\Dashboard))
#7 D:\Duren marsekal\Web\Duren Marsekal\system\CodeIgniter.php(326): CodeIgniter\CodeIgniter->handleRequest(NULL, Object(Config\Cache), false)
#8 D:\Duren marsekal\Web\Duren Marsekal\public\index.php(37): CodeIgniter\CodeIgniter->run()
#9 D:\Duren marsekal\Web\Duren Marsekal\system\Commands\Server\rewrite.php(43): require_once('D:\\Duren marsek...')
#10 {main}
ERROR - 2022-05-08 08:34:22 --> You have an error in your SQL syntax; check the manual that corresponds to your MariaDB server version for the right syntax to use near 'AS Jumlah FROM (SELECT DISTINCT(SELECT SUBSTRING(nama_durian, 1, LENGHT(nama_dur' at line 1
CRITICAL - 2022-05-08 08:34:22 --> You have an error in your SQL syntax; check the manual that corresponds to your MariaDB server version for the right syntax to use near 'AS Jumlah FROM (SELECT DISTINCT(SELECT SUBSTRING(nama_durian, 1, LENGHT(nama_dur' at line 1
#0 D:\Duren marsekal\Web\Duren Marsekal\system\Database\MySQLi\Connection.php(292): mysqli->query('SELECT * AS Jum...', 0)
#1 D:\Duren marsekal\Web\Duren Marsekal\system\Database\BaseConnection.php(670): CodeIgniter\Database\MySQLi\Connection->execute('SELECT * AS Jum...')
#2 D:\Duren marsekal\Web\Duren Marsekal\system\Database\BaseConnection.php(598): CodeIgniter\Database\BaseConnection->simpleQuery('SELECT * AS Jum...')
#3 D:\Duren marsekal\Web\Duren Marsekal\app\Models\DashboardModel.php(81): CodeIgniter\Database\BaseConnection->query('SELECT * AS Jum...')
#4 D:\Duren marsekal\Web\Duren Marsekal\app\Controllers\Dashboard.php(26): App\Models\DashboardModel->getJenisTanaman()
#5 D:\Duren marsekal\Web\Duren Marsekal\system\CodeIgniter.php(832): App\Controllers\Dashboard->index()
#6 D:\Duren marsekal\Web\Duren Marsekal\system\CodeIgniter.php(419): CodeIgniter\CodeIgniter->runController(Object(App\Controllers\Dashboard))
#7 D:\Duren marsekal\Web\Duren Marsekal\system\CodeIgniter.php(326): CodeIgniter\CodeIgniter->handleRequest(NULL, Object(Config\Cache), false)
#8 D:\Duren marsekal\Web\Duren Marsekal\public\index.php(37): CodeIgniter\CodeIgniter->run()
#9 D:\Duren marsekal\Web\Duren Marsekal\system\Commands\Server\rewrite.php(43): require_once('D:\\Duren marsek...')
#10 {main}
CRITICAL - 2022-05-08 09:59:10 --> Cannot use object of type stdClass as array
#0 D:\Duren marsekal\Web\Duren Marsekal\system\View\View.php(210): include()
#1 D:\Duren marsekal\Web\Duren Marsekal\system\View\View.php(213): CodeIgniter\View\View->CodeIgniter\View\{closure}()
#2 D:\Duren marsekal\Web\Duren Marsekal\system\Common.php(1089): CodeIgniter\View\View->render('dashboard', Array, true)
#3 D:\Duren marsekal\Web\Duren Marsekal\app\Controllers\Dashboard.php(31): view('dashboard', Array)
#4 D:\Duren marsekal\Web\Duren Marsekal\system\CodeIgniter.php(832): App\Controllers\Dashboard->index()
#5 D:\Duren marsekal\Web\Duren Marsekal\system\CodeIgniter.php(419): CodeIgniter\CodeIgniter->runController(Object(App\Controllers\Dashboard))
#6 D:\Duren marsekal\Web\Duren Marsekal\system\CodeIgniter.php(326): CodeIgniter\CodeIgniter->handleRequest(NULL, Object(Config\Cache), false)
#7 D:\Duren marsekal\Web\Duren Marsekal\public\index.php(37): CodeIgniter\CodeIgniter->run()
#8 D:\Duren marsekal\Web\Duren Marsekal\system\Commands\Server\rewrite.php(43): require_once('D:\\Duren marsek...')
#9 {main}
ERROR - 2022-05-08 10:49:49 --> Error connecting to the database: No connection could be made because the target machine actively refused it.

CRITICAL - 2022-05-08 10:49:49 --> Unable to connect to the database.
Main connection [MySQLi]: No connection could be made because the target machine actively refused it.

#0 D:\Duren marsekal\Web\Duren Marsekal\system\Database\BaseConnection.php(577): CodeIgniter\Database\BaseConnection->initialize()
#1 D:\Duren marsekal\Web\Duren Marsekal\system\Database\BaseBuilder.php(1455): CodeIgniter\Database\BaseConnection->query('SELECT *\nFROM `...', Array, false)
#2 D:\Duren marsekal\Web\Duren Marsekal\system\Model.php(728): CodeIgniter\Database\BaseBuilder->get()
#3 D:\Duren marsekal\Web\Duren Marsekal\app\Models\DashboardModel.php(66): CodeIgniter\Model->__call('get', Array)
#4 D:\Duren marsekal\Web\Duren Marsekal\app\Controllers\Dashboard.php(23): App\Models\DashboardModel->getDurianUpdate()
#5 D:\Duren marsekal\Web\Duren Marsekal\system\CodeIgniter.php(832): App\Controllers\Dashboard->index()
#6 D:\Duren marsekal\Web\Duren Marsekal\system\CodeIgniter.php(419): CodeIgniter\CodeIgniter->runController(Object(App\Controllers\Dashboard))
#7 D:\Duren marsekal\Web\Duren Marsekal\system\CodeIgniter.php(326): CodeIgniter\CodeIgniter->handleRequest(NULL, Object(Config\Cache), false)
#8 D:\Duren marsekal\Web\Duren Marsekal\public\index.php(37): CodeIgniter\CodeIgniter->run()
#9 D:\Duren marsekal\Web\Duren Marsekal\system\Commands\Server\rewrite.php(43): require_once('D:\\Duren marsek...')
#10 {main}
CRITICAL - 2022-05-08 10:49:49 --> Uncaught ErrorException: print_r(): Property access is not allowed yet in D:\Duren marsekal\Web\Duren Marsekal\app\Views\errors\html\error_exception.php:96
Stack trace:
#0 [internal function]: CodeIgniter\Debug\Exceptions->errorHandler(2, 'print_r(): Prop...', 'D:\\Duren marsek...', 96, Array)
#1 D:\Duren marsekal\Web\Duren Marsekal\app\Views\errors\html\error_exception.php(96): print_r(Object(App\Controllers\Dashboard), true)
#2 D:\Duren marsekal\Web\Duren Marsekal\system\Debug\Exceptions.php(234): include('D:\\Duren marsek...')
#3 D:\Duren marsekal\Web\Duren Marsekal\system\Debug\Exceptions.php(237): CodeIgniter\Debug\Exceptions->CodeIgniter\Debug\{closure}()
#4 D:\Duren marsekal\Web\Duren Marsekal\system\Debug\Exceptions.php(121): CodeIgniter\Debug\Exceptions->render(Object(CodeIgniter\Database\Exceptions\DatabaseException), 500)
#5 [internal function]: CodeIgniter\Debug\Exceptions->exceptionHandler(Object(CodeIgniter\Database\Exceptions\DatabaseException))
#6 {main}
  thrown
#0 [internal function]: CodeIgniter\Debug\Exceptions->shutdownHandler()
#1 {main}
ERROR - 2022-05-08 10:49:53 --> Error connecting to the database: No connection could be made because the target machine actively refused it.

CRITICAL - 2022-05-08 10:49:53 --> Unable to connect to the database.
Main connection [MySQLi]: No connection could be made because the target machine actively refused it.

#0 D:\Duren marsekal\Web\Duren Marsekal\system\Database\BaseConnection.php(577): CodeIgniter\Database\BaseConnection->initialize()
#1 D:\Duren marsekal\Web\Duren Marsekal\system\Database\BaseBuilder.php(1455): CodeIgniter\Database\BaseConnection->query('SELECT *\nFROM `...', Array, false)
#2 D:\Duren marsekal\Web\Duren Marsekal\system\Model.php(728): CodeIgniter\Database\BaseBuilder->get()
#3 D:\Duren marsekal\Web\Duren Marsekal\app\Models\DashboardModel.php(66): CodeIgniter\Model->__call('get', Array)
#4 D:\Duren marsekal\Web\Duren Marsekal\app\Controllers\Dashboard.php(23): App\Models\DashboardModel->getDurianUpdate()
#5 D:\Duren marsekal\Web\Duren Marsekal\system\CodeIgniter.php(832): App\Controllers\Dashboard->index()
#6 D:\Duren marsekal\Web\Duren Marsekal\system\CodeIgniter.php(419): CodeIgniter\CodeIgniter->runController(Object(App\Controllers\Dashboard))
#7 D:\Duren marsekal\Web\Duren Marsekal\system\CodeIgniter.php(326): CodeIgniter\CodeIgniter->handleRequest(NULL, Object(Config\Cache), false)
#8 D:\Duren marsekal\Web\Duren Marsekal\public\index.php(37): CodeIgniter\CodeIgniter->run()
#9 D:\Duren marsekal\Web\Duren Marsekal\system\Commands\Server\rewrite.php(43): require_once('D:\\Duren marsek...')
#10 {main}
CRITICAL - 2022-05-08 10:49:53 --> Uncaught ErrorException: print_r(): Property access is not allowed yet in D:\Duren marsekal\Web\Duren Marsekal\app\Views\errors\html\error_exception.php:96
Stack trace:
#0 [internal function]: CodeIgniter\Debug\Exceptions->errorHandler(2, 'print_r(): Prop...', 'D:\\Duren marsek...', 96, Array)
#1 D:\Duren marsekal\Web\Duren Marsekal\app\Views\errors\html\error_exception.php(96): print_r(Object(App\Controllers\Dashboard), true)
#2 D:\Duren marsekal\Web\Duren Marsekal\system\Debug\Exceptions.php(234): include('D:\\Duren marsek...')
#3 D:\Duren marsekal\Web\Duren Marsekal\system\Debug\Exceptions.php(237): CodeIgniter\Debug\Exceptions->CodeIgniter\Debug\{closure}()
#4 D:\Duren marsekal\Web\Duren Marsekal\system\Debug\Exceptions.php(121): CodeIgniter\Debug\Exceptions->render(Object(CodeIgniter\Database\Exceptions\DatabaseException), 500)
#5 [internal function]: CodeIgniter\Debug\Exceptions->exceptionHandler(Object(CodeIgniter\Database\Exceptions\DatabaseException))
#6 {main}
  thrown
#0 [internal function]: CodeIgniter\Debug\Exceptions->shutdownHandler()
#1 {main}
ERROR - 2022-05-08 21:22:08 --> Error connecting to the database: No connection could be made because the target machine actively refused it.

CRITICAL - 2022-05-08 21:22:08 --> Unable to connect to the database.
Main connection [MySQLi]: No connection could be made because the target machine actively refused it.

#0 D:\Duren marsekal\Web\Duren Marsekal\system\Database\BaseConnection.php(577): CodeIgniter\Database\BaseConnection->initialize()
#1 D:\Duren marsekal\Web\Duren Marsekal\system\Database\BaseBuilder.php(1455): CodeIgniter\Database\BaseConnection->query('SELECT *\nFROM `...', Array, false)
#2 D:\Duren marsekal\Web\Duren Marsekal\system\Model.php(728): CodeIgniter\Database\BaseBuilder->get()
#3 D:\Duren marsekal\Web\Duren Marsekal\app\Models\DashboardModel.php(66): CodeIgniter\Model->__call('get', Array)
#4 D:\Duren marsekal\Web\Duren Marsekal\app\Controllers\Dashboard.php(23): App\Models\DashboardModel->getDurianUpdate()
#5 D:\Duren marsekal\Web\Duren Marsekal\system\CodeIgniter.php(832): App\Controllers\Dashboard->index()
#6 D:\Duren marsekal\Web\Duren Marsekal\system\CodeIgniter.php(419): CodeIgniter\CodeIgniter->runController(Object(App\Controllers\Dashboard))
#7 D:\Duren marsekal\Web\Duren Marsekal\system\CodeIgniter.php(326): CodeIgniter\CodeIgniter->handleRequest(NULL, Object(Config\Cache), false)
#8 D:\Duren marsekal\Web\Duren Marsekal\public\index.php(37): CodeIgniter\CodeIgniter->run()
#9 D:\Duren marsekal\Web\Duren Marsekal\system\Commands\Server\rewrite.php(43): require_once('D:\\Duren marsek...')
#10 {main}
CRITICAL - 2022-05-08 21:22:08 --> Uncaught ErrorException: print_r(): Property access is not allowed yet in D:\Duren marsekal\Web\Duren Marsekal\app\Views\errors\html\error_exception.php:96
Stack trace:
#0 [internal function]: CodeIgniter\Debug\Exceptions->errorHandler(2, 'print_r(): Prop...', 'D:\\Duren marsek...', 96, Array)
#1 D:\Duren marsekal\Web\Duren Marsekal\app\Views\errors\html\error_exception.php(96): print_r(Object(App\Controllers\Dashboard), true)
#2 D:\Duren marsekal\Web\Duren Marsekal\system\Debug\Exceptions.php(234): include('D:\\Duren marsek...')
#3 D:\Duren marsekal\Web\Duren Marsekal\system\Debug\Exceptions.php(237): CodeIgniter\Debug\Exceptions->CodeIgniter\Debug\{closure}()
#4 D:\Duren marsekal\Web\Duren Marsekal\system\Debug\Exceptions.php(121): CodeIgniter\Debug\Exceptions->render(Object(CodeIgniter\Database\Exceptions\DatabaseException), 500)
#5 [internal function]: CodeIgniter\Debug\Exceptions->exceptionHandler(Object(CodeIgniter\Database\Exceptions\DatabaseException))
#6 {main}
  thrown
#0 [internal function]: CodeIgniter\Debug\Exceptions->shutdownHandler()
#1 {main}
ERROR - 2022-05-08 21:22:12 --> Error connecting to the database: No connection could be made because the target machine actively refused it.

CRITICAL - 2022-05-08 21:22:12 --> Unable to connect to the database.
Main connection [MySQLi]: No connection could be made because the target machine actively refused it.

#0 D:\Duren marsekal\Web\Duren Marsekal\system\Database\BaseConnection.php(577): CodeIgniter\Database\BaseConnection->initialize()
#1 D:\Duren marsekal\Web\Duren Marsekal\system\Database\BaseBuilder.php(1455): CodeIgniter\Database\BaseConnection->query('SELECT *\nFROM `...', Array, false)
#2 D:\Duren marsekal\Web\Duren Marsekal\system\Model.php(728): CodeIgniter\Database\BaseBuilder->get()
#3 D:\Duren marsekal\Web\Duren Marsekal\app\Models\DashboardModel.php(66): CodeIgniter\Model->__call('get', Array)
#4 D:\Duren marsekal\Web\Duren Marsekal\app\Controllers\Dashboard.php(23): App\Models\DashboardModel->getDurianUpdate()
#5 D:\Duren marsekal\Web\Duren Marsekal\system\CodeIgniter.php(832): App\Controllers\Dashboard->index()
#6 D:\Duren marsekal\Web\Duren Marsekal\system\CodeIgniter.php(419): CodeIgniter\CodeIgniter->runController(Object(App\Controllers\Dashboard))
#7 D:\Duren marsekal\Web\Duren Marsekal\system\CodeIgniter.php(326): CodeIgniter\CodeIgniter->handleRequest(NULL, Object(Config\Cache), false)
#8 D:\Duren marsekal\Web\Duren Marsekal\public\index.php(37): CodeIgniter\CodeIgniter->run()
#9 D:\Duren marsekal\Web\Duren Marsekal\system\Commands\Server\rewrite.php(43): require_once('D:\\Duren marsek...')
#10 {main}
CRITICAL - 2022-05-08 21:22:12 --> Uncaught ErrorException: print_r(): Property access is not allowed yet in D:\Duren marsekal\Web\Duren Marsekal\app\Views\errors\html\error_exception.php:96
Stack trace:
#0 [internal function]: CodeIgniter\Debug\Exceptions->errorHandler(2, 'print_r(): Prop...', 'D:\\Duren marsek...', 96, Array)
#1 D:\Duren marsekal\Web\Duren Marsekal\app\Views\errors\html\error_exception.php(96): print_r(Object(App\Controllers\Dashboard), true)
#2 D:\Duren marsekal\Web\Duren Marsekal\system\Debug\Exceptions.php(234): include('D:\\Duren marsek...')
#3 D:\Duren marsekal\Web\Duren Marsekal\system\Debug\Exceptions.php(237): CodeIgniter\Debug\Exceptions->CodeIgniter\Debug\{closure}()
#4 D:\Duren marsekal\Web\Duren Marsekal\system\Debug\Exceptions.php(121): CodeIgniter\Debug\Exceptions->render(Object(CodeIgniter\Database\Exceptions\DatabaseException), 500)
#5 [internal function]: CodeIgniter\Debug\Exceptions->exceptionHandler(Object(CodeIgniter\Database\Exceptions\DatabaseException))
#6 {main}
  thrown
#0 [internal function]: CodeIgniter\Debug\Exceptions->shutdownHandler()
#1 {main}
