CRITICAL - 2022-05-09 02:21:02 --> Undefined variable: llist
#0 D:\Duren marsekal\Web\Duren Marsekal\app\Views\user.php(36): CodeIgniter\Debug\Exceptions->errorHandler(8, 'Undefined varia...', 'D:\\Duren marsek...', 36, Array)
#1 D:\Duren marsekal\Web\Duren Marsekal\system\View\View.php(210): include('D:\\Duren marsek...')
#2 D:\Duren marsekal\Web\Duren Marsekal\system\View\View.php(213): CodeIgniter\View\View->CodeIgniter\View\{closure}()
#3 D:\Duren marsekal\Web\Duren Marsekal\system\Common.php(1089): CodeIgniter\View\View->render('user', Array, true)
#4 D:\Duren marsekal\Web\Duren Marsekal\app\Controllers\User.php(24): view('user', Array)
#5 D:\Duren marsekal\Web\Duren Marsekal\system\CodeIgniter.php(832): App\Controllers\User->index()
#6 D:\Duren marsekal\Web\Duren Marsekal\system\CodeIgniter.php(419): CodeIgniter\CodeIgniter->runController(Object(App\Controllers\User))
#7 D:\Duren marsekal\Web\Duren Marsekal\system\CodeIgniter.php(326): CodeIgniter\CodeIgniter->handleRequest(NULL, Object(Config\Cache), false)
#8 D:\Duren marsekal\Web\Duren Marsekal\public\index.php(37): CodeIgniter\CodeIgniter->run()
#9 D:\Duren marsekal\Web\Duren Marsekal\system\Commands\Server\rewrite.php(43): require_once('D:\\Duren marsek...')
#10 {main}
ERROR - 2022-05-09 21:13:57 --> Error connecting to the database: No connection could be made because the target machine actively refused it.

CRITICAL - 2022-05-09 21:13:57 --> Unable to connect to the database.
Main connection [MySQLi]: No connection could be made because the target machine actively refused it.

#0 D:\Duren marsekal\Web\Duren Marsekal\system\Database\BaseConnection.php(577): CodeIgniter\Database\BaseConnection->initialize()
#1 D:\Duren marsekal\Web\Duren Marsekal\system\Database\BaseBuilder.php(1455): CodeIgniter\Database\BaseConnection->query('SELECT *\nFROM `...', Array, false)
#2 D:\Duren marsekal\Web\Duren Marsekal\system\Model.php(728): CodeIgniter\Database\BaseBuilder->get()
#3 D:\Duren marsekal\Web\Duren Marsekal\app\Models\DashboardModel.php(66): CodeIgniter\Model->__call('get', Array)
#4 D:\Duren marsekal\Web\Duren Marsekal\app\Controllers\Dashboard.php(25): App\Models\DashboardModel->getDurianUpdate()
#5 D:\Duren marsekal\Web\Duren Marsekal\system\CodeIgniter.php(832): App\Controllers\Dashboard->index()
#6 D:\Duren marsekal\Web\Duren Marsekal\system\CodeIgniter.php(419): CodeIgniter\CodeIgniter->runController(Object(App\Controllers\Dashboard))
#7 D:\Duren marsekal\Web\Duren Marsekal\system\CodeIgniter.php(326): CodeIgniter\CodeIgniter->handleRequest(NULL, Object(Config\Cache), false)
#8 D:\Duren marsekal\Web\Duren Marsekal\public\index.php(37): CodeIgniter\CodeIgniter->run()
#9 D:\Duren marsekal\Web\Duren Marsekal\system\Commands\Server\rewrite.php(43): require_once('D:\\Duren marsek...')
#10 {main}
CRITICAL - 2022-05-09 21:13:57 --> Uncaught ErrorException: print_r(): Property access is not allowed yet in D:\Duren marsekal\Web\Duren Marsekal\app\Views\errors\html\error_exception.php:96
Stack trace:
#0 [internal function]: CodeIgniter\Debug\Exceptions->errorHandler(2, 'print_r(): Prop...', 'D:\\Duren marsek...', 96, Array)
#1 D:\Duren marsekal\Web\Duren Marsekal\app\Views\errors\html\error_exception.php(96): print_r(Object(App\Controllers\Dashboard), true)
#2 D:\Duren marsekal\Web\Duren Marsekal\system\Debug\Exceptions.php(234): include('D:\\Duren marsek...')
#3 D:\Duren marsekal\Web\Duren Marsekal\system\Debug\Exceptions.php(237): CodeIgniter\Debug\Exceptions->CodeIgniter\Debug\{closure}()
#4 D:\Duren marsekal\Web\Duren Marsekal\system\Debug\Exceptions.php(121): CodeIgniter\Debug\Exceptions->render(Object(CodeIgniter\Database\Exceptions\DatabaseException), 500)
#5 [internal function]: CodeIgniter\Debug\Exceptions->exceptionHandler(Object(CodeIgniter\Database\Exceptions\DatabaseException))
#6 {main}
  thrown
#0 [internal function]: CodeIgniter\Debug\Exceptions->shutdownHandler()
#1 {main}
CRITICAL - 2022-05-09 23:06:06 --> Argument 3 passed to CodeIgniter\HTTP\Request::fetchGlobal() must be of the type int or null, string given, called in D:\Duren marsekal\Web\Duren Marsekal\system\HTTP\IncomingRequest.php on line 503
#0 D:\Duren marsekal\Web\Duren Marsekal\system\HTTP\IncomingRequest.php(503): CodeIgniter\HTTP\Request->fetchGlobal('request', 'nama', 'username', NULL)
#1 D:\Duren marsekal\Web\Duren Marsekal\app\Controllers\User.php(30): CodeIgniter\HTTP\IncomingRequest->getVar('nama', 'username')
#2 D:\Duren marsekal\Web\Duren Marsekal\system\CodeIgniter.php(832): App\Controllers\User->create()
#3 D:\Duren marsekal\Web\Duren Marsekal\system\CodeIgniter.php(419): CodeIgniter\CodeIgniter->runController(Object(App\Controllers\User))
#4 D:\Duren marsekal\Web\Duren Marsekal\system\CodeIgniter.php(326): CodeIgniter\CodeIgniter->handleRequest(NULL, Object(Config\Cache), false)
#5 D:\Duren marsekal\Web\Duren Marsekal\public\index.php(37): CodeIgniter\CodeIgniter->run()
#6 D:\Duren marsekal\Web\Duren Marsekal\system\Commands\Server\rewrite.php(43): require_once('D:\\Duren marsek...')
#7 {main}
CRITICAL - 2022-05-09 23:43:50 --> Undefined variable: session
#0 D:\Duren marsekal\Web\Duren Marsekal\app\Views\user\user.php(14): CodeIgniter\Debug\Exceptions->errorHandler(8, 'Undefined varia...', 'D:\\Duren marsek...', 14, Array)
#1 D:\Duren marsekal\Web\Duren Marsekal\system\View\View.php(210): include('D:\\Duren marsek...')
#2 D:\Duren marsekal\Web\Duren Marsekal\system\View\View.php(213): CodeIgniter\View\View->CodeIgniter\View\{closure}()
#3 D:\Duren marsekal\Web\Duren Marsekal\system\Common.php(1089): CodeIgniter\View\View->render('user/user', Array, true)
#4 D:\Duren marsekal\Web\Duren Marsekal\app\Controllers\User.php(25): view('user/user', Array)
#5 D:\Duren marsekal\Web\Duren Marsekal\system\CodeIgniter.php(832): App\Controllers\User->index()
#6 D:\Duren marsekal\Web\Duren Marsekal\system\CodeIgniter.php(419): CodeIgniter\CodeIgniter->runController(Object(App\Controllers\User))
#7 D:\Duren marsekal\Web\Duren Marsekal\system\CodeIgniter.php(326): CodeIgniter\CodeIgniter->handleRequest(NULL, Object(Config\Cache), false)
#8 D:\Duren marsekal\Web\Duren Marsekal\public\index.php(37): CodeIgniter\CodeIgniter->run()
#9 D:\Duren marsekal\Web\Duren Marsekal\system\Commands\Server\rewrite.php(43): require_once('D:\\Duren marsek...')
#10 {main}
