CRITICAL - 2022-05-07 00:40:50 --> Object of class App\Models\DashboardModel could not be converted to string
#0 D:\Duren marsekal\Web\Duren Marsekal\app\Views\dashboard.php(172): CodeIgniter\Debug\Exceptions->errorHandler(4096, 'Object of class...', 'D:\\Duren marsek...', 172, Array)
#1 D:\Duren marsekal\Web\Duren Marsekal\system\View\View.php(210): include('D:\\Duren marsek...')
#2 D:\Duren marsekal\Web\Duren Marsekal\system\View\View.php(213): CodeIgniter\View\View->CodeIgniter\View\{closure}()
#3 D:\Duren marsekal\Web\Duren Marsekal\system\Common.php(1089): CodeIgniter\View\View->render('dashboard', Array, true)
#4 D:\Duren marsekal\Web\Duren Marsekal\app\Controllers\Dashboard.php(25): view('dashboard', Array)
#5 D:\Duren marsekal\Web\Duren Marsekal\system\CodeIgniter.php(832): App\Controllers\Dashboard->index()
#6 D:\Duren marsekal\Web\Duren Marsekal\system\CodeIgniter.php(419): CodeIgniter\CodeIgniter->runController(Object(App\Controllers\Dashboard))
#7 D:\Duren marsekal\Web\Duren Marsekal\system\CodeIgniter.php(326): CodeIgniter\CodeIgniter->handleRequest(NULL, Object(Config\Cache), false)
#8 D:\Duren marsekal\Web\Duren Marsekal\public\index.php(37): CodeIgniter\CodeIgniter->run()
#9 D:\Duren marsekal\Web\Duren Marsekal\system\Commands\Server\rewrite.php(43): require_once('D:\\Duren marsek...')
#10 {main}
ERROR - 2022-05-07 03:53:57 --> Table 'duren_marsekal.duren_marsekal' doesn't exist
CRITICAL - 2022-05-07 03:53:57 --> Table 'duren_marsekal.duren_marsekal' doesn't exist
#0 D:\Duren marsekal\Web\Duren Marsekal\system\Database\MySQLi\Connection.php(292): mysqli->query('SELECT COUNT(na...', 0)
#1 D:\Duren marsekal\Web\Duren Marsekal\system\Database\BaseConnection.php(670): CodeIgniter\Database\MySQLi\Connection->execute('SELECT COUNT(na...')
#2 D:\Duren marsekal\Web\Duren Marsekal\system\Database\BaseConnection.php(598): CodeIgniter\Database\BaseConnection->simpleQuery('SELECT COUNT(na...')
#3 D:\Duren marsekal\Web\Duren Marsekal\app\Models\DashboardModel.php(51): CodeIgniter\Database\BaseConnection->query('SELECT COUNT(na...')
#4 D:\Duren marsekal\Web\Duren Marsekal\app\Controllers\Dashboard.php(20): App\Models\DashboardModel->countAllPohon()
#5 D:\Duren marsekal\Web\Duren Marsekal\system\CodeIgniter.php(832): App\Controllers\Dashboard->index()
#6 D:\Duren marsekal\Web\Duren Marsekal\system\CodeIgniter.php(419): CodeIgniter\CodeIgniter->runController(Object(App\Controllers\Dashboard))
#7 D:\Duren marsekal\Web\Duren Marsekal\system\CodeIgniter.php(326): CodeIgniter\CodeIgniter->handleRequest(NULL, Object(Config\Cache), false)
#8 D:\Duren marsekal\Web\Duren Marsekal\public\index.php(37): CodeIgniter\CodeIgniter->run()
#9 D:\Duren marsekal\Web\Duren Marsekal\system\Commands\Server\rewrite.php(43): require_once('D:\\Duren marsek...')
#10 {main}
CRITICAL - 2022-05-07 03:55:18 --> Object of class CodeIgniter\Database\MySQLi\Result could not be converted to string
#0 D:\Duren marsekal\Web\Duren Marsekal\app\Views\dashboard.php(172): CodeIgniter\Debug\Exceptions->errorHandler(4096, 'Object of class...', 'D:\\Duren marsek...', 172, Array)
#1 D:\Duren marsekal\Web\Duren Marsekal\system\View\View.php(210): include('D:\\Duren marsek...')
#2 D:\Duren marsekal\Web\Duren Marsekal\system\View\View.php(213): CodeIgniter\View\View->CodeIgniter\View\{closure}()
#3 D:\Duren marsekal\Web\Duren Marsekal\system\Common.php(1089): CodeIgniter\View\View->render('dashboard', Array, true)
#4 D:\Duren marsekal\Web\Duren Marsekal\app\Controllers\Dashboard.php(25): view('dashboard', Array)
#5 D:\Duren marsekal\Web\Duren Marsekal\system\CodeIgniter.php(832): App\Controllers\Dashboard->index()
#6 D:\Duren marsekal\Web\Duren Marsekal\system\CodeIgniter.php(419): CodeIgniter\CodeIgniter->runController(Object(App\Controllers\Dashboard))
#7 D:\Duren marsekal\Web\Duren Marsekal\system\CodeIgniter.php(326): CodeIgniter\CodeIgniter->handleRequest(NULL, Object(Config\Cache), false)
#8 D:\Duren marsekal\Web\Duren Marsekal\public\index.php(37): CodeIgniter\CodeIgniter->run()
#9 D:\Duren marsekal\Web\Duren Marsekal\system\Commands\Server\rewrite.php(43): require_once('D:\\Duren marsek...')
#10 {main}
CRITICAL - 2022-05-07 03:56:35 --> Object of class CodeIgniter\Database\MySQLi\Result could not be converted to string
#0 D:\Duren marsekal\Web\Duren Marsekal\app\Views\dashboard.php(172): CodeIgniter\Debug\Exceptions->errorHandler(4096, 'Object of class...', 'D:\\Duren marsek...', 172, Array)
#1 D:\Duren marsekal\Web\Duren Marsekal\system\View\View.php(210): include('D:\\Duren marsek...')
#2 D:\Duren marsekal\Web\Duren Marsekal\system\View\View.php(213): CodeIgniter\View\View->CodeIgniter\View\{closure}()
#3 D:\Duren marsekal\Web\Duren Marsekal\system\Common.php(1089): CodeIgniter\View\View->render('dashboard', Array, true)
#4 D:\Duren marsekal\Web\Duren Marsekal\app\Controllers\Dashboard.php(25): view('dashboard', Array)
#5 D:\Duren marsekal\Web\Duren Marsekal\system\CodeIgniter.php(832): App\Controllers\Dashboard->index()
#6 D:\Duren marsekal\Web\Duren Marsekal\system\CodeIgniter.php(419): CodeIgniter\CodeIgniter->runController(Object(App\Controllers\Dashboard))
#7 D:\Duren marsekal\Web\Duren Marsekal\system\CodeIgniter.php(326): CodeIgniter\CodeIgniter->handleRequest(NULL, Object(Config\Cache), false)
#8 D:\Duren marsekal\Web\Duren Marsekal\public\index.php(37): CodeIgniter\CodeIgniter->run()
#9 D:\Duren marsekal\Web\Duren Marsekal\system\Commands\Server\rewrite.php(43): require_once('D:\\Duren marsek...')
#10 {main}
CRITICAL - 2022-05-07 03:59:19 --> Call to undefined method CodeIgniter\Database\MySQLi\Result::get()
#0 D:\Duren marsekal\Web\Duren Marsekal\app\Controllers\Dashboard.php(20): App\Models\DashboardModel->countAllPohon()
#1 D:\Duren marsekal\Web\Duren Marsekal\system\CodeIgniter.php(832): App\Controllers\Dashboard->index()
#2 D:\Duren marsekal\Web\Duren Marsekal\system\CodeIgniter.php(419): CodeIgniter\CodeIgniter->runController(Object(App\Controllers\Dashboard))
#3 D:\Duren marsekal\Web\Duren Marsekal\system\CodeIgniter.php(326): CodeIgniter\CodeIgniter->handleRequest(NULL, Object(Config\Cache), false)
#4 D:\Duren marsekal\Web\Duren Marsekal\public\index.php(37): CodeIgniter\CodeIgniter->run()
#5 D:\Duren marsekal\Web\Duren Marsekal\system\Commands\Server\rewrite.php(43): require_once('D:\\Duren marsek...')
#6 {main}
CRITICAL - 2022-05-07 04:02:13 --> Call to undefined method CodeIgniter\Database\MySQLi\Result::get()
#0 D:\Duren marsekal\Web\Duren Marsekal\app\Controllers\Dashboard.php(20): App\Models\DashboardModel->countAllPohon()
#1 D:\Duren marsekal\Web\Duren Marsekal\system\CodeIgniter.php(832): App\Controllers\Dashboard->index()
#2 D:\Duren marsekal\Web\Duren Marsekal\system\CodeIgniter.php(419): CodeIgniter\CodeIgniter->runController(Object(App\Controllers\Dashboard))
#3 D:\Duren marsekal\Web\Duren Marsekal\system\CodeIgniter.php(326): CodeIgniter\CodeIgniter->handleRequest(NULL, Object(Config\Cache), false)
#4 D:\Duren marsekal\Web\Duren Marsekal\public\index.php(37): CodeIgniter\CodeIgniter->run()
#5 D:\Duren marsekal\Web\Duren Marsekal\system\Commands\Server\rewrite.php(43): require_once('D:\\Duren marsek...')
#6 {main}
CRITICAL - 2022-05-07 04:02:32 --> Call to undefined method CodeIgniter\Database\MySQLi\Result::get()
#0 D:\Duren marsekal\Web\Duren Marsekal\app\Controllers\Dashboard.php(20): App\Models\DashboardModel->countAllPohon()
#1 D:\Duren marsekal\Web\Duren Marsekal\system\CodeIgniter.php(832): App\Controllers\Dashboard->index()
#2 D:\Duren marsekal\Web\Duren Marsekal\system\CodeIgniter.php(419): CodeIgniter\CodeIgniter->runController(Object(App\Controllers\Dashboard))
#3 D:\Duren marsekal\Web\Duren Marsekal\system\CodeIgniter.php(326): CodeIgniter\CodeIgniter->handleRequest(NULL, Object(Config\Cache), false)
#4 D:\Duren marsekal\Web\Duren Marsekal\public\index.php(37): CodeIgniter\CodeIgniter->run()
#5 D:\Duren marsekal\Web\Duren Marsekal\system\Commands\Server\rewrite.php(43): require_once('D:\\Duren marsek...')
#6 {main}
CRITICAL - 2022-05-07 04:35:02 --> Call to a member function getResult() on int
#0 D:\Duren marsekal\Web\Duren Marsekal\system\CodeIgniter.php(832): App\Controllers\Dashboard->index()
#1 D:\Duren marsekal\Web\Duren Marsekal\system\CodeIgniter.php(419): CodeIgniter\CodeIgniter->runController(Object(App\Controllers\Dashboard))
#2 D:\Duren marsekal\Web\Duren Marsekal\system\CodeIgniter.php(326): CodeIgniter\CodeIgniter->handleRequest(NULL, Object(Config\Cache), false)
#3 D:\Duren marsekal\Web\Duren Marsekal\public\index.php(37): CodeIgniter\CodeIgniter->run()
#4 D:\Duren marsekal\Web\Duren Marsekal\system\Commands\Server\rewrite.php(43): require_once('D:\\Duren marsek...')
#5 {main}
CRITICAL - 2022-05-07 04:36:25 --> Undefined variable: db
#0 D:\Duren marsekal\Web\Duren Marsekal\app\Models\DashboardModel.php(58): CodeIgniter\Debug\Exceptions->errorHandler(8, 'Undefined varia...', 'D:\\Duren marsek...', 58, Array)
#1 D:\Duren marsekal\Web\Duren Marsekal\app\Controllers\Dashboard.php(20): App\Models\DashboardModel->countAllPohon()
#2 D:\Duren marsekal\Web\Duren Marsekal\system\CodeIgniter.php(832): App\Controllers\Dashboard->index()
#3 D:\Duren marsekal\Web\Duren Marsekal\system\CodeIgniter.php(419): CodeIgniter\CodeIgniter->runController(Object(App\Controllers\Dashboard))
#4 D:\Duren marsekal\Web\Duren Marsekal\system\CodeIgniter.php(326): CodeIgniter\CodeIgniter->handleRequest(NULL, Object(Config\Cache), false)
#5 D:\Duren marsekal\Web\Duren Marsekal\public\index.php(37): CodeIgniter\CodeIgniter->run()
#6 D:\Duren marsekal\Web\Duren Marsekal\system\Commands\Server\rewrite.php(43): require_once('D:\\Duren marsek...')
#7 {main}
CRITICAL - 2022-05-07 06:23:21 --> Array to string conversion
#0 D:\Duren marsekal\Web\Duren Marsekal\app\Views\dashboard.php(172): CodeIgniter\Debug\Exceptions->errorHandler(8, 'Array to string...', 'D:\\Duren marsek...', 172, Array)
#1 D:\Duren marsekal\Web\Duren Marsekal\system\View\View.php(210): include('D:\\Duren marsek...')
#2 D:\Duren marsekal\Web\Duren Marsekal\system\View\View.php(213): CodeIgniter\View\View->CodeIgniter\View\{closure}()
#3 D:\Duren marsekal\Web\Duren Marsekal\system\Common.php(1089): CodeIgniter\View\View->render('dashboard', Array, true)
#4 D:\Duren marsekal\Web\Duren Marsekal\app\Controllers\Dashboard.php(25): view('dashboard', Array)
#5 D:\Duren marsekal\Web\Duren Marsekal\system\CodeIgniter.php(832): App\Controllers\Dashboard->index()
#6 D:\Duren marsekal\Web\Duren Marsekal\system\CodeIgniter.php(419): CodeIgniter\CodeIgniter->runController(Object(App\Controllers\Dashboard))
#7 D:\Duren marsekal\Web\Duren Marsekal\system\CodeIgniter.php(326): CodeIgniter\CodeIgniter->handleRequest(NULL, Object(Config\Cache), false)
#8 D:\Duren marsekal\Web\Duren Marsekal\public\index.php(37): CodeIgniter\CodeIgniter->run()
#9 D:\Duren marsekal\Web\Duren Marsekal\system\Commands\Server\rewrite.php(43): require_once('D:\\Duren marsek...')
#10 {main}
CRITICAL - 2022-05-07 06:29:35 --> Cannot use object of type stdClass as array
#0 D:\Duren marsekal\Web\Duren Marsekal\system\View\View.php(210): include()
#1 D:\Duren marsekal\Web\Duren Marsekal\system\View\View.php(213): CodeIgniter\View\View->CodeIgniter\View\{closure}()
#2 D:\Duren marsekal\Web\Duren Marsekal\system\Common.php(1089): CodeIgniter\View\View->render('dashboard', Array, true)
#3 D:\Duren marsekal\Web\Duren Marsekal\app\Controllers\Dashboard.php(25): view('dashboard', Array)
#4 D:\Duren marsekal\Web\Duren Marsekal\system\CodeIgniter.php(832): App\Controllers\Dashboard->index()
#5 D:\Duren marsekal\Web\Duren Marsekal\system\CodeIgniter.php(419): CodeIgniter\CodeIgniter->runController(Object(App\Controllers\Dashboard))
#6 D:\Duren marsekal\Web\Duren Marsekal\system\CodeIgniter.php(326): CodeIgniter\CodeIgniter->handleRequest(NULL, Object(Config\Cache), false)
#7 D:\Duren marsekal\Web\Duren Marsekal\public\index.php(37): CodeIgniter\CodeIgniter->run()
#8 D:\Duren marsekal\Web\Duren Marsekal\system\Commands\Server\rewrite.php(43): require_once('D:\\Duren marsek...')
#9 {main}
CRITICAL - 2022-05-07 06:38:12 --> Cannot use object of type CodeIgniter\Database\MySQLi\Result as array
#0 D:\Duren marsekal\Web\Duren Marsekal\system\View\View.php(210): include()
#1 D:\Duren marsekal\Web\Duren Marsekal\system\View\View.php(213): CodeIgniter\View\View->CodeIgniter\View\{closure}()
#2 D:\Duren marsekal\Web\Duren Marsekal\system\Common.php(1089): CodeIgniter\View\View->render('dashboard', Array, true)
#3 D:\Duren marsekal\Web\Duren Marsekal\app\Controllers\Dashboard.php(26): view('dashboard', Array)
#4 D:\Duren marsekal\Web\Duren Marsekal\system\CodeIgniter.php(832): App\Controllers\Dashboard->index()
#5 D:\Duren marsekal\Web\Duren Marsekal\system\CodeIgniter.php(419): CodeIgniter\CodeIgniter->runController(Object(App\Controllers\Dashboard))
#6 D:\Duren marsekal\Web\Duren Marsekal\system\CodeIgniter.php(326): CodeIgniter\CodeIgniter->handleRequest(NULL, Object(Config\Cache), false)
#7 D:\Duren marsekal\Web\Duren Marsekal\public\index.php(37): CodeIgniter\CodeIgniter->run()
#8 D:\Duren marsekal\Web\Duren Marsekal\system\Commands\Server\rewrite.php(43): require_once('D:\\Duren marsek...')
#9 {main}
CRITICAL - 2022-05-07 08:00:28 --> You must set the database table to be used with your query.
#0 D:\Duren marsekal\Web\Duren Marsekal\system\Model.php(545): CodeIgniter\Database\BaseConnection->table(NULL)
#1 D:\Duren marsekal\Web\Duren Marsekal\system\Model.php(722): CodeIgniter\Model->builder()
#2 D:\Duren marsekal\Web\Duren Marsekal\app\Models\DashboardModel.php(64): CodeIgniter\Model->__call('table', Array)
#3 D:\Duren marsekal\Web\Duren Marsekal\app\Controllers\Dashboard.php(21): App\Models\DashboardModel->getDurianUpdate()
#4 D:\Duren marsekal\Web\Duren Marsekal\system\CodeIgniter.php(832): App\Controllers\Dashboard->index()
#5 D:\Duren marsekal\Web\Duren Marsekal\system\CodeIgniter.php(419): CodeIgniter\CodeIgniter->runController(Object(App\Controllers\Dashboard))
#6 D:\Duren marsekal\Web\Duren Marsekal\system\CodeIgniter.php(326): CodeIgniter\CodeIgniter->handleRequest(NULL, Object(Config\Cache), false)
#7 D:\Duren marsekal\Web\Duren Marsekal\public\index.php(37): CodeIgniter\CodeIgniter->run()
#8 D:\Duren marsekal\Web\Duren Marsekal\system\Commands\Server\rewrite.php(43): require_once('D:\\Duren marsek...')
#9 {main}
CRITICAL - 2022-05-07 08:49:24 --> Constant expression contains invalid operations
#0 [internal function]: CodeIgniter\Debug\Exceptions->shutdownHandler()
#1 {main}
CRITICAL - 2022-05-07 08:50:37 --> Call to undefined method App\Models\DashboardModel::countAllRedult
#0 D:\Duren marsekal\Web\Duren Marsekal\app\Models\DashboardModel.php(71): CodeIgniter\Model->__call('countAllRedult', Array)
#1 D:\Duren marsekal\Web\Duren Marsekal\app\Controllers\Dashboard.php(25): App\Models\DashboardModel->getTanamanSakit()
#2 D:\Duren marsekal\Web\Duren Marsekal\system\CodeIgniter.php(832): App\Controllers\Dashboard->index()
#3 D:\Duren marsekal\Web\Duren Marsekal\system\CodeIgniter.php(419): CodeIgniter\CodeIgniter->runController(Object(App\Controllers\Dashboard))
#4 D:\Duren marsekal\Web\Duren Marsekal\system\CodeIgniter.php(326): CodeIgniter\CodeIgniter->handleRequest(NULL, Object(Config\Cache), false)
#5 D:\Duren marsekal\Web\Duren Marsekal\public\index.php(37): CodeIgniter\CodeIgniter->run()
#6 D:\Duren marsekal\Web\Duren Marsekal\system\Commands\Server\rewrite.php(43): require_once('D:\\Duren marsek...')
#7 {main}
CRITICAL - 2022-05-07 08:51:13 --> Call to undefined method App\Models\DashboardModel::countAllResult
#0 D:\Duren marsekal\Web\Duren Marsekal\app\Models\DashboardModel.php(71): CodeIgniter\Model->__call('countAllResult', Array)
#1 D:\Duren marsekal\Web\Duren Marsekal\app\Controllers\Dashboard.php(25): App\Models\DashboardModel->getTanamanSakit()
#2 D:\Duren marsekal\Web\Duren Marsekal\system\CodeIgniter.php(832): App\Controllers\Dashboard->index()
#3 D:\Duren marsekal\Web\Duren Marsekal\system\CodeIgniter.php(419): CodeIgniter\CodeIgniter->runController(Object(App\Controllers\Dashboard))
#4 D:\Duren marsekal\Web\Duren Marsekal\system\CodeIgniter.php(326): CodeIgniter\CodeIgniter->handleRequest(NULL, Object(Config\Cache), false)
#5 D:\Duren marsekal\Web\Duren Marsekal\public\index.php(37): CodeIgniter\CodeIgniter->run()
#6 D:\Duren marsekal\Web\Duren Marsekal\system\Commands\Server\rewrite.php(43): require_once('D:\\Duren marsek...')
#7 {main}
CRITICAL - 2022-05-07 08:51:52 --> Call to undefined method App\Models\DashboardModel::countAllResult
#0 D:\Duren marsekal\Web\Duren Marsekal\app\Models\DashboardModel.php(71): CodeIgniter\Model->__call('countAllResult', Array)
#1 D:\Duren marsekal\Web\Duren Marsekal\app\Controllers\Dashboard.php(25): App\Models\DashboardModel->getTanamanSakit()
#2 D:\Duren marsekal\Web\Duren Marsekal\system\CodeIgniter.php(832): App\Controllers\Dashboard->index()
#3 D:\Duren marsekal\Web\Duren Marsekal\system\CodeIgniter.php(419): CodeIgniter\CodeIgniter->runController(Object(App\Controllers\Dashboard))
#4 D:\Duren marsekal\Web\Duren Marsekal\system\CodeIgniter.php(326): CodeIgniter\CodeIgniter->handleRequest(NULL, Object(Config\Cache), false)
#5 D:\Duren marsekal\Web\Duren Marsekal\public\index.php(37): CodeIgniter\CodeIgniter->run()
#6 D:\Duren marsekal\Web\Duren Marsekal\system\Commands\Server\rewrite.php(43): require_once('D:\\Duren marsek...')
#7 {main}
CRITICAL - 2022-05-07 08:53:03 --> Call to a member function get() on int
#0 D:\Duren marsekal\Web\Duren Marsekal\app\Controllers\Dashboard.php(25): App\Models\DashboardModel->getTanamanSakit()
#1 D:\Duren marsekal\Web\Duren Marsekal\system\CodeIgniter.php(832): App\Controllers\Dashboard->index()
#2 D:\Duren marsekal\Web\Duren Marsekal\system\CodeIgniter.php(419): CodeIgniter\CodeIgniter->runController(Object(App\Controllers\Dashboard))
#3 D:\Duren marsekal\Web\Duren Marsekal\system\CodeIgniter.php(326): CodeIgniter\CodeIgniter->handleRequest(NULL, Object(Config\Cache), false)
#4 D:\Duren marsekal\Web\Duren Marsekal\public\index.php(37): CodeIgniter\CodeIgniter->run()
#5 D:\Duren marsekal\Web\Duren Marsekal\system\Commands\Server\rewrite.php(43): require_once('D:\\Duren marsek...')
#6 {main}
CRITICAL - 2022-05-07 08:53:15 --> Call to a member function getResultArray() on int
#0 D:\Duren marsekal\Web\Duren Marsekal\system\CodeIgniter.php(832): App\Controllers\Dashboard->index()
#1 D:\Duren marsekal\Web\Duren Marsekal\system\CodeIgniter.php(419): CodeIgniter\CodeIgniter->runController(Object(App\Controllers\Dashboard))
#2 D:\Duren marsekal\Web\Duren Marsekal\system\CodeIgniter.php(326): CodeIgniter\CodeIgniter->handleRequest(NULL, Object(Config\Cache), false)
#3 D:\Duren marsekal\Web\Duren Marsekal\public\index.php(37): CodeIgniter\CodeIgniter->run()
#4 D:\Duren marsekal\Web\Duren Marsekal\system\Commands\Server\rewrite.php(43): require_once('D:\\Duren marsek...')
#5 {main}
CRITICAL - 2022-05-07 08:53:42 --> Call to a member function getResult() on int
#0 D:\Duren marsekal\Web\Duren Marsekal\system\CodeIgniter.php(832): App\Controllers\Dashboard->index()
#1 D:\Duren marsekal\Web\Duren Marsekal\system\CodeIgniter.php(419): CodeIgniter\CodeIgniter->runController(Object(App\Controllers\Dashboard))
#2 D:\Duren marsekal\Web\Duren Marsekal\system\CodeIgniter.php(326): CodeIgniter\CodeIgniter->handleRequest(NULL, Object(Config\Cache), false)
#3 D:\Duren marsekal\Web\Duren Marsekal\public\index.php(37): CodeIgniter\CodeIgniter->run()
#4 D:\Duren marsekal\Web\Duren Marsekal\system\Commands\Server\rewrite.php(43): require_once('D:\\Duren marsek...')
#5 {main}
CRITICAL - 2022-05-07 08:56:26 --> Call to a member function getResult() on int
#0 D:\Duren marsekal\Web\Duren Marsekal\system\CodeIgniter.php(832): App\Controllers\Dashboard->index()
#1 D:\Duren marsekal\Web\Duren Marsekal\system\CodeIgniter.php(419): CodeIgniter\CodeIgniter->runController(Object(App\Controllers\Dashboard))
#2 D:\Duren marsekal\Web\Duren Marsekal\system\CodeIgniter.php(326): CodeIgniter\CodeIgniter->handleRequest(NULL, Object(Config\Cache), false)
#3 D:\Duren marsekal\Web\Duren Marsekal\public\index.php(37): CodeIgniter\CodeIgniter->run()
#4 D:\Duren marsekal\Web\Duren Marsekal\system\Commands\Server\rewrite.php(43): require_once('D:\\Duren marsek...')
#5 {main}
CRITICAL - 2022-05-07 08:57:39 --> Call to a member function getResult() on int
#0 D:\Duren marsekal\Web\Duren Marsekal\system\CodeIgniter.php(832): App\Controllers\Dashboard->index()
#1 D:\Duren marsekal\Web\Duren Marsekal\system\CodeIgniter.php(419): CodeIgniter\CodeIgniter->runController(Object(App\Controllers\Dashboard))
#2 D:\Duren marsekal\Web\Duren Marsekal\system\CodeIgniter.php(326): CodeIgniter\CodeIgniter->handleRequest(NULL, Object(Config\Cache), false)
#3 D:\Duren marsekal\Web\Duren Marsekal\public\index.php(37): CodeIgniter\CodeIgniter->run()
#4 D:\Duren marsekal\Web\Duren Marsekal\system\Commands\Server\rewrite.php(43): require_once('D:\\Duren marsek...')
#5 {main}
CRITICAL - 2022-05-07 08:58:05 --> Call to a member function getResultArray() on int
#0 D:\Duren marsekal\Web\Duren Marsekal\system\CodeIgniter.php(832): App\Controllers\Dashboard->index()
#1 D:\Duren marsekal\Web\Duren Marsekal\system\CodeIgniter.php(419): CodeIgniter\CodeIgniter->runController(Object(App\Controllers\Dashboard))
#2 D:\Duren marsekal\Web\Duren Marsekal\system\CodeIgniter.php(326): CodeIgniter\CodeIgniter->handleRequest(NULL, Object(Config\Cache), false)
#3 D:\Duren marsekal\Web\Duren Marsekal\public\index.php(37): CodeIgniter\CodeIgniter->run()
#4 D:\Duren marsekal\Web\Duren Marsekal\system\Commands\Server\rewrite.php(43): require_once('D:\\Duren marsek...')
#5 {main}
CRITICAL - 2022-05-07 09:05:31 --> Call to a member function getResultArray() on null
#0 D:\Duren marsekal\Web\Duren Marsekal\system\CodeIgniter.php(832): App\Controllers\Dashboard->index()
#1 D:\Duren marsekal\Web\Duren Marsekal\system\CodeIgniter.php(419): CodeIgniter\CodeIgniter->runController(Object(App\Controllers\Dashboard))
#2 D:\Duren marsekal\Web\Duren Marsekal\system\CodeIgniter.php(326): CodeIgniter\CodeIgniter->handleRequest(NULL, Object(Config\Cache), false)
#3 D:\Duren marsekal\Web\Duren Marsekal\public\index.php(37): CodeIgniter\CodeIgniter->run()
#4 D:\Duren marsekal\Web\Duren Marsekal\system\Commands\Server\rewrite.php(43): require_once('D:\\Duren marsek...')
#5 {main}
CRITICAL - 2022-05-07 09:17:04 --> Call to a member function getResultArray() on int
#0 D:\Duren marsekal\Web\Duren Marsekal\system\CodeIgniter.php(832): App\Controllers\Dashboard->index()
#1 D:\Duren marsekal\Web\Duren Marsekal\system\CodeIgniter.php(419): CodeIgniter\CodeIgniter->runController(Object(App\Controllers\Dashboard))
#2 D:\Duren marsekal\Web\Duren Marsekal\system\CodeIgniter.php(326): CodeIgniter\CodeIgniter->handleRequest(NULL, Object(Config\Cache), false)
#3 D:\Duren marsekal\Web\Duren Marsekal\public\index.php(37): CodeIgniter\CodeIgniter->run()
#4 D:\Duren marsekal\Web\Duren Marsekal\system\Commands\Server\rewrite.php(43): require_once('D:\\Duren marsek...')
#5 {main}
ERROR - 2022-05-07 21:30:45 --> Error connecting to the database: No connection could be made because the target machine actively refused it.

CRITICAL - 2022-05-07 21:30:45 --> Unable to connect to the database.
Main connection [MySQLi]: No connection could be made because the target machine actively refused it.

#0 D:\Duren marsekal\Web\Duren Marsekal\system\Database\BaseConnection.php(577): CodeIgniter\Database\BaseConnection->initialize()
#1 D:\Duren marsekal\Web\Duren Marsekal\system\Database\BaseBuilder.php(1455): CodeIgniter\Database\BaseConnection->query('SELECT *\nFROM `...', Array, false)
#2 D:\Duren marsekal\Web\Duren Marsekal\system\Model.php(728): CodeIgniter\Database\BaseBuilder->get()
#3 D:\Duren marsekal\Web\Duren Marsekal\app\Models\DashboardModel.php(66): CodeIgniter\Model->__call('get', Array)
#4 D:\Duren marsekal\Web\Duren Marsekal\app\Controllers\Dashboard.php(22): App\Models\DashboardModel->getDurianUpdate()
#5 D:\Duren marsekal\Web\Duren Marsekal\system\CodeIgniter.php(832): App\Controllers\Dashboard->index()
#6 D:\Duren marsekal\Web\Duren Marsekal\system\CodeIgniter.php(419): CodeIgniter\CodeIgniter->runController(Object(App\Controllers\Dashboard))
#7 D:\Duren marsekal\Web\Duren Marsekal\system\CodeIgniter.php(326): CodeIgniter\CodeIgniter->handleRequest(NULL, Object(Config\Cache), false)
#8 D:\Duren marsekal\Web\Duren Marsekal\public\index.php(37): CodeIgniter\CodeIgniter->run()
#9 D:\Duren marsekal\Web\Duren Marsekal\system\Commands\Server\rewrite.php(43): require_once('D:\\Duren marsek...')
#10 {main}
CRITICAL - 2022-05-07 21:30:45 --> Uncaught ErrorException: print_r(): Property access is not allowed yet in D:\Duren marsekal\Web\Duren Marsekal\app\Views\errors\html\error_exception.php:96
Stack trace:
#0 [internal function]: CodeIgniter\Debug\Exceptions->errorHandler(2, 'print_r(): Prop...', 'D:\\Duren marsek...', 96, Array)
#1 D:\Duren marsekal\Web\Duren Marsekal\app\Views\errors\html\error_exception.php(96): print_r(Object(App\Controllers\Dashboard), true)
#2 D:\Duren marsekal\Web\Duren Marsekal\system\Debug\Exceptions.php(234): include('D:\\Duren marsek...')
#3 D:\Duren marsekal\Web\Duren Marsekal\system\Debug\Exceptions.php(237): CodeIgniter\Debug\Exceptions->CodeIgniter\Debug\{closure}()
#4 D:\Duren marsekal\Web\Duren Marsekal\system\Debug\Exceptions.php(121): CodeIgniter\Debug\Exceptions->render(Object(CodeIgniter\Database\Exceptions\DatabaseException), 500)
#5 [internal function]: CodeIgniter\Debug\Exceptions->exceptionHandler(Object(CodeIgniter\Database\Exceptions\DatabaseException))
#6 {main}
  thrown
#0 [internal function]: CodeIgniter\Debug\Exceptions->shutdownHandler()
#1 {main}
